<testsuites name="results">
  <testsuite name="all" package="all">
    <property name="random_seed" value="12345" />
    <testcase name="test0" classname="testbench_divider_pipelined" file="/home/penn/riscv32/hw4-multicycle/testbench_divider_pipelined.py" lineno="75" time="0.0050754547119140625" sim_time_ns="10.0" ratio_time="1970.2668169860954">
      <failure message="Test failed with RANDOM_SEED=12345" />
    </testcase>
    <testcase name="test1" classname="testbench_divider_pipelined" file="/home/penn/riscv32/hw4-multicycle/testbench_divider_pipelined.py" lineno="85" time="0.0011851787567138672" sim_time_ns="10.0" ratio_time="8437.545765439549">
      <failure message="Test failed with RANDOM_SEED=12345" />
    </testcase>
    <testcase name="test_2consecutive" classname="testbench_divider_pipelined" file="/home/penn/riscv32/hw4-multicycle/testbench_divider_pipelined.py" lineno="95" time="0.0010325908660888672" sim_time_ns="10.0" ratio_time="9684.377741861003">
      <failure message="Test failed with RANDOM_SEED=12345" />
    </testcase>
    <testcase name="test_kconsecutive" classname="testbench_divider_pipelined" file="/home/penn/riscv32/hw4-multicycle/testbench_divider_pipelined.py" lineno="137" time="0.0014505386352539062" sim_time_ns="10.0" ratio_time="6893.990795529257">
      <failure message="Test failed with RANDOM_SEED=12345" />
    </testcase>
  </testsuite>
</testsuites>
